mylibrary/build/intermediates/manifest_merge_blame_file/debug/manifest-merger-blame-debug-report.txt
1<?xml version="1.0" encoding="utf-8"?>
2<manifest xmlns:android="http://schemas.android.com/apk/res/android"
3    package="com.newanimation.mylibrary" >
4
5    <uses-sdk
6        android:minSdkVersion="24"
6-->src\main\AndroidManifest.xml
7        android:targetSdkVersion="33" />
7-->src\main\AndroidManifest.xml
8
9    <uses-permission android:name="android.permission.INTERNET" />
9-->src\main\AndroidManifest.xml:4:5-67
9-->src\main\AndroidManifest.xml:4:22-64
10    <uses-permission android:name="android.permission.ACCESS_NETWORK_STATE" />
10-->src\main\AndroidManifest.xml:5:5-79
10-->src\main\AndroidManifest.xml:5:22-76
11    <uses-permission android:name="android.permission.ACCESS_WIFI_STATE" />
11-->src\main\AndroidManifest.xml:6:5-76
11-->src\main\AndroidManifest.xml:6:22-73
12    <uses-permission android:name="android.permission.CHANGE_WIFI_STATE" />
12-->src\main\AndroidManifest.xml:7:5-76
12-->src\main\AndroidManifest.xml:7:22-73
13    <uses-permission android:name="com.google.android.gms.permission.AD_ID" />
13-->src\main\AndroidManifest.xml:8:5-79
13-->src\main\AndroidManifest.xml:8:22-76
14
15    <application android:name="com.newanimation.mylibrary.MyProHelperClass" >
15-->src\main\AndroidManifest.xml:11:5-30:19
15-->src\main\AndroidManifest.xml:11:18-50
16        <activity
16-->src\main\AndroidManifest.xml:13:9-15:40
17            android:name="com.newanimation.mylibrary.InternetErrorActivity"
17-->src\main\AndroidManifest.xml:14:13-50
18            android:exported="false" />
18-->src\main\AndroidManifest.xml:15:13-37
19        <activity android:name="com.newanimation.mylibrary.UpdateAppActivity" />
19-->src\main\AndroidManifest.xml:16:9-55
19-->src\main\AndroidManifest.xml:16:19-52
20        <activity android:name="com.newanimation.mylibrary.Splash" />
20-->src\main\AndroidManifest.xml:17:9-44
20-->src\main\AndroidManifest.xml:17:19-41
21        <activity android:name="com.newanimation.mylibrary.QurekaInterActivity" />
21-->src\main\AndroidManifest.xml:18:9-83
21-->src\main\AndroidManifest.xml:18:19-80
22
23        <meta-data
23-->src\main\AndroidManifest.xml:20:9-22:36
24            android:name="com.google.android.gms.ads.AD_MANAGER_APP"
24-->src\main\AndroidManifest.xml:21:13-69
25            android:value="true" />
25-->src\main\AndroidManifest.xml:22:13-33
26        <meta-data
26-->src\main\AndroidManifest.xml:23:9-25:118
27            android:name="applovin.sdk.key"
27-->src\main\AndroidManifest.xml:24:13-44
28            android:value="VvMHQ8qTbnOUx1SS7gTV2dloZMX_RremcudgIVezo_tO0TSDTLUUkG5malJ63camEvhEOrnyLgkJm2gSniHLr2" />
28-->src\main\AndroidManifest.xml:25:13-115
29        <meta-data
29-->src\main\AndroidManifest.xml:26:9-28:36
30            android:name="applovin.sdk.verbose_logging"
30-->src\main\AndroidManifest.xml:27:13-56
31            android:value="true" />
31-->src\main\AndroidManifest.xml:28:13-33
32    </application>
33
34</manifest>